app/build/intermediates/manifest_merge_blame_file/debug/manifest-merger-blame-debug-report.txt
1<?xml version="1.0" encoding="utf-8"?>
2<manifest xmlns:android="http://schemas.android.com/apk/res/android"
3    package="io.realm.todo"
4    android:versionCode="1"
5    android:versionName="1.0" >
6
7    <uses-sdk
8        android:minSdkVersion="22"
8-->src/main/AndroidManifest.xml
9        android:targetSdkVersion="27" />
9-->src/main/AndroidManifest.xml
10
11    <uses-permission android:name="android.permission.INTERNET" />
11-->src/main/AndroidManifest.xml:6:5-67
11-->src/main/AndroidManifest.xml:6:22-64
12    <uses-permission android:name="android.permission.ACCESS_NETWORK_STATE" />
12-->[io.realm:realm-android-library-object-server:6.1.0] AndroidManifest.xml:10:5-79
12-->[io.realm:realm-android-library-object-server:6.1.0] AndroidManifest.xml:10:22-76
13
14    <application
14-->src/main/AndroidManifest.xml:8:5-39:19
15        android:name="io.realm.todo.ToDoApplication"
15-->src/main/AndroidManifest.xml:9:9-40
16        android:allowBackup="true"
16-->src/main/AndroidManifest.xml:10:9-35
17        android:debuggable="true"
18        android:icon="@mipmap/ic_launcher"
18-->src/main/AndroidManifest.xml:11:9-43
19        android:label="@string/app_name"
19-->src/main/AndroidManifest.xml:12:9-41
20        android:supportsRtl="true"
20-->src/main/AndroidManifest.xml:13:9-35
21        android:theme="@style/AppTheme" >
21-->src/main/AndroidManifest.xml:14:9-40
22        <activity
22-->src/main/AndroidManifest.xml:16:9-24:20
23            android:name="io.realm.todo.WelcomeActivity"
23-->src/main/AndroidManifest.xml:17:13-44
24            android:label="@string/app_name"
24-->src/main/AndroidManifest.xml:18:13-45
25            android:noHistory="true" >
25-->src/main/AndroidManifest.xml:19:13-37
26            <intent-filter>
26-->src/main/AndroidManifest.xml:20:13-23:29
27                <action android:name="android.intent.action.MAIN" />
27-->src/main/AndroidManifest.xml:21:17-69
27-->src/main/AndroidManifest.xml:21:25-66
28
29                <category android:name="android.intent.category.LAUNCHER" />
29-->src/main/AndroidManifest.xml:22:17-77
29-->src/main/AndroidManifest.xml:22:27-74
30            </intent-filter>
31        </activity>
32        <activity
32-->src/main/AndroidManifest.xml:25:9-28:59
33            android:name="io.realm.todo.ItemListActivity"
33-->src/main/AndroidManifest.xml:26:13-45
34            android:label="@string/title_item_list"
34-->src/main/AndroidManifest.xml:27:13-52
35            android:theme="@style/AppTheme.NoActionBar" />
35-->src/main/AndroidManifest.xml:28:13-56
36        <activity
36-->src/main/AndroidManifest.xml:29:9-37:20
37            android:name="io.realm.todo.ItemDetailActivity"
37-->src/main/AndroidManifest.xml:30:13-47
38            android:label="@string/title_item_detail"
38-->src/main/AndroidManifest.xml:31:13-54
39            android:parentActivityName="io.realm.todo.ItemListActivity"
39-->src/main/AndroidManifest.xml:32:13-59
40            android:theme="@style/AppTheme.NoActionBar" >
40-->src/main/AndroidManifest.xml:33:13-56
41            <meta-data
41-->src/main/AndroidManifest.xml:34:13-36:66
42                android:name="android.support.Child_ACTIVITY"
42-->src/main/AndroidManifest.xml:35:17-62
43                android:value="io.realm.todo.ItemListActivity" />
43-->src/main/AndroidManifest.xml:36:17-63
44        </activity>
45
46        <service
46-->[androidx.room:room-runtime:2.2.3] AndroidManifest.xml:25:9-27:40
47            android:name="androidx.room.MultiInstanceInvalidationService"
47-->[androidx.room:room-runtime:2.2.3] AndroidManifest.xml:26:13-74
48            android:exported="false" />
48-->[androidx.room:room-runtime:2.2.3] AndroidManifest.xml:27:13-37
49    </application>
50
51</manifest>